c:\users\charl\source\repos\captive population inbreeding\captive population inbreeding\x64\debug\vc143.pdb
c:\users\charl\source\repos\captive population inbreeding\captive population inbreeding\x64\debug\.netframework,version=v4.7.2.assemblyattributes.obj
c:\users\charl\source\repos\captive population inbreeding\captive population inbreeding\x64\debug\zoo.obj
c:\users\charl\source\repos\captive population inbreeding\captive population inbreeding\x64\debug\population.obj
c:\users\charl\source\repos\captive population inbreeding\captive population inbreeding\x64\debug\pch.obj
c:\users\charl\source\repos\captive population inbreeding\captive population inbreeding\x64\debug\optionswindow.obj
c:\users\charl\source\repos\captive population inbreeding\captive population inbreeding\x64\debug\mathsutils.obj
c:\users\charl\source\repos\captive population inbreeding\captive population inbreeding\x64\debug\main.obj
c:\users\charl\source\repos\captive population inbreeding\captive population inbreeding\x64\debug\genotype.obj
c:\users\charl\source\repos\captive population inbreeding\captive population inbreeding\x64\debug\genome.obj
c:\users\charl\source\repos\captive population inbreeding\captive population inbreeding\x64\debug\genepair.obj
c:\users\charl\source\repos\captive population inbreeding\captive population inbreeding\x64\debug\coordinator.obj
c:\users\charl\source\repos\captive population inbreeding\captive population inbreeding\x64\debug\assemblyinfo.obj
c:\users\charl\source\repos\captive population inbreeding\captive population inbreeding\x64\debug\animal.obj
c:\users\charl\source\repos\captive population inbreeding\x64\debug\captive population inbreeding.exe
c:\users\charl\source\repos\captive population inbreeding\x64\debug\captive population inbreeding.pdb
c:\users\charl\source\repos\captive population inbreeding\captive population inbreeding\x64\debug\app.res
c:\users\charl\source\repos\captive population inbreeding\captive population inbreeding\x64\debug\captive .21ff3db3.tlog\cl.command.1.tlog
c:\users\charl\source\repos\captive population inbreeding\captive population inbreeding\x64\debug\captive .21ff3db3.tlog\cl.items.tlog
c:\users\charl\source\repos\captive population inbreeding\captive population inbreeding\x64\debug\captive .21ff3db3.tlog\cl.read.1.tlog
c:\users\charl\source\repos\captive population inbreeding\captive population inbreeding\x64\debug\captive .21ff3db3.tlog\cl.write.1.tlog
c:\users\charl\source\repos\captive population inbreeding\captive population inbreeding\x64\debug\captive .21ff3db3.tlog\link.command.1.tlog
c:\users\charl\source\repos\captive population inbreeding\captive population inbreeding\x64\debug\captive .21ff3db3.tlog\link.read.1.tlog
c:\users\charl\source\repos\captive population inbreeding\captive population inbreeding\x64\debug\captive .21ff3db3.tlog\link.secondary.1.tlog
c:\users\charl\source\repos\captive population inbreeding\captive population inbreeding\x64\debug\captive .21ff3db3.tlog\link.write.1.tlog
c:\users\charl\source\repos\captive population inbreeding\captive population inbreeding\x64\debug\captive .21ff3db3.tlog\metagen.read.1.tlog
c:\users\charl\source\repos\captive population inbreeding\captive population inbreeding\x64\debug\captive .21ff3db3.tlog\metagen.write.1.tlog
c:\users\charl\source\repos\captive population inbreeding\captive population inbreeding\x64\debug\captive .21ff3db3.tlog\rc.command.1.tlog
c:\users\charl\source\repos\captive population inbreeding\captive population inbreeding\x64\debug\captive .21ff3db3.tlog\rc.read.1.tlog
c:\users\charl\source\repos\captive population inbreeding\captive population inbreeding\x64\debug\captive .21ff3db3.tlog\rc.write.1.tlog
c:\users\charl\source\repos\captive population inbreeding\captive population inbreeding\x64\debug\captive .21ff3db3.tlog\resgen.command.1.tlog
c:\users\charl\source\repos\captive population inbreeding\captive population inbreeding\x64\debug\captive .21ff3db3.tlog\resgen.read.1.tlog
c:\users\charl\source\repos\captive population inbreeding\captive population inbreeding\x64\debug\captive .21ff3db3.tlog\resgen.write.1.tlog
